[    0.000000] Initializing cgroup subsys cpuset
[    0.000000] Initializing cgroup subsys cpu
[    0.000000] Initializing cgroup subsys cpuacct
[    0.000000] Linux version 4.4.0-59-generic (buildd@lgw01-11) (gcc version 5.4.0 20160609 (Ubuntu 5.4.0-6ubuntu1~16.04.4) ) #80-Ubuntu SMP Fri Jan 6 17:47:47 UTC 2017 (Ubuntu 4.4.0-59.80-generic 4.4.35)
[    0.000000] Command line: BOOT_IMAGE=/boot/vmlinuz-4.4.0-59-generic root=LABEL=cloudimg-rootfs ro console=tty1 console=ttyS0
[    0.000000] KERNEL supported cpus:
[    0.000000]   Intel GenuineIntel
[    0.000000]   AMD AuthenticAMD
[    0.000000]   Centaur CentaurHauls
[    0.000000] x86/fpu: xstate_offset[2]:  576, xstate_sizes[2]:  256
[    0.000000] x86/fpu: Supporting XSAVE feature 0x01: 'x87 floating point registers'
[    0.000000] x86/fpu: Supporting XSAVE feature 0x02: 'SSE registers'
[    0.000000] x86/fpu: Supporting XSAVE feature 0x04: 'AVX registers'
[    0.000000] x86/fpu: Enabled xstate features 0x7, context size is 832 bytes, using 'standard' format.
[    0.000000] x86/fpu: Using 'lazy' FPU context switches.
[    0.000000] e820: BIOS-provided physical RAM map:
[    0.000000] BIOS-e820: [mem 0x0000000000000000-0x000000000009fbff] usable
[    0.000000] BIOS-e820: [mem 0x000000000009fc00-0x000000000009ffff] reserved
[    0.000000] BIOS-e820: [mem 0x00000000000f0000-0x00000000000fffff] reserved
[    0.000000] BIOS-e820: [mem 0x0000000000100000-0x000000003ffeffff] usable
[    0.000000] BIOS-e820: [mem 0x000000003fff0000-0x000000003fffffff] ACPI data
[    0.000000] BIOS-e820: [mem 0x00000000fec00000-0x00000000fec00fff] reserved
[    0.000000] BIOS-e820: [mem 0x00000000fee00000-0x00000000fee00fff] reserved
[    0.000000] BIOS-e820: [mem 0x00000000fffc0000-0x00000000ffffffff] reserved
[    0.000000] NX (Execute Disable) protection: active
[    0.000000] SMBIOS 2.5 present.
[    0.000000] Hypervisor detected: KVM
[    0.000000] e820: last_pfn = 0x3fff0 max_arch_pfn = 0x400000000
[    0.000000] MTRR: Disabled
[    0.000000] x86/PAT: MTRRs disabled, skipping PAT initialization too.
[    0.000000] x86/PAT: Configuration [0-7]: WB  WT  UC- UC  WB  WT  UC- UC  
[    0.000000] CPU MTRRs all blank - virtualized system.
[    0.000000] found SMP MP-table at [mem 0x0009fff0-0x0009ffff] mapped at [ffff88000009fff0]
[    0.000000] Scanning 1 areas for low memory corruption
[    0.000000] RAMDISK: [mem 0x36b62000-0x375a8fff]
[    0.000000] ACPI: Early table checksum verification disabled
[    0.000000] ACPI: RSDP 0x00000000000E0000 000024 (v02 VBOX  )
[    0.000000] ACPI: XSDT 0x000000003FFF0030 00003C (v01 VBOX   VBOXXSDT 00000001 ASL  00000061)
[    0.000000] ACPI: FACP 0x000000003FFF00F0 0000F4 (v04 VBOX   VBOXFACP 00000001 ASL  00000061)
[    0.000000] ACPI: DSDT 0x000000003FFF0470 00210F (v01 VBOX   VBOXBIOS 00000002 INTL 20100528)
[    0.000000] ACPI: FACS 0x000000003FFF0200 000040
[    0.000000] ACPI: FACS 0x000000003FFF0200 000040
[    0.000000] ACPI: APIC 0x000000003FFF0240 00005C (v02 VBOX   VBOXAPIC 00000001 ASL  00000061)
[    0.000000] ACPI: SSDT 0x000000003FFF02A0 0001CC (v01 VBOX   VBOXCPUT 00000002 INTL 20100528)
[    0.000000] No NUMA configuration found
[    0.000000] Faking a node at [mem 0x0000000000000000-0x000000003ffeffff]
[    0.000000] NODE_DATA(0) allocated [mem 0x3ffeb000-0x3ffeffff]
[    0.000000] kvm-clock: Using msrs 4b564d01 and 4b564d00
[    0.000000] kvm-clock: cpu 0, msr 0:3ffe3001, primary cpu clock
[    0.000000] kvm-clock: using sched offset of 2946931070 cycles
[    0.000000] clocksource: kvm-clock: mask: 0xffffffffffffffff max_cycles: 0x1cd42e4dffb, max_idle_ns: 881590591483 ns
[    0.000000] Zone ranges:
[    0.000000]   DMA      [mem 0x0000000000001000-0x0000000000ffffff]
[    0.000000]   DMA32    [mem 0x0000000001000000-0x000000003ffeffff]
[    0.000000]   Normal   empty
[    0.000000]   Device   empty
[    0.000000] Movable zone start for each node
[    0.000000] Early memory node ranges
[    0.000000]   node   0: [mem 0x0000000000001000-0x000000000009efff]
[    0.000000]   node   0: [mem 0x0000000000100000-0x000000003ffeffff]
[    0.000000] Initmem setup node 0 [mem 0x0000000000001000-0x000000003ffeffff]
[    0.000000] ACPI: PM-Timer IO Port: 0x4008
[    0.000000] IOAPIC[0]: apic_id 2, version 32, address 0xfec00000, GSI 0-23
[    0.000000] ACPI: INT_SRC_OVR (bus 0 bus_irq 0 global_irq 2 dfl dfl)
[    0.000000] ACPI: INT_SRC_OVR (bus 0 bus_irq 9 global_irq 9 high level)
[    0.000000] Using ACPI (MADT) for SMP configuration information
[    0.000000] smpboot: Allowing 2 CPUs, 0 hotplug CPUs
[    0.000000] PM: Registered nosave memory: [mem 0x00000000-0x00000fff]
[    0.000000] PM: Registered nosave memory: [mem 0x0009f000-0x0009ffff]
[    0.000000] PM: Registered nosave memory: [mem 0x000a0000-0x000effff]
[    0.000000] PM: Registered nosave memory: [mem 0x000f0000-0x000fffff]
[    0.000000] e820: [mem 0x40000000-0xfebfffff] available for PCI devices
[    0.000000] Booting paravirtualized kernel on KVM
[    0.000000] clocksource: refined-jiffies: mask: 0xffffffff max_cycles: 0xffffffff, max_idle_ns: 7645519600211568 ns
[    0.000000] setup_percpu: NR_CPUS:512 nr_cpumask_bits:512 nr_cpu_ids:2 nr_node_ids:1
[    0.000000] PERCPU: Embedded 33 pages/cpu @ffff88003fc00000 s98264 r8192 d28712 u1048576
[    0.000000] PV qspinlock hash table entries: 256 (order: 0, 4096 bytes)
[    0.000000] Built 1 zonelists in Node order, mobility grouping on.  Total pages: 257913
[    0.000000] Policy zone: DMA32
[    0.000000] Kernel command line: BOOT_IMAGE=/boot/vmlinuz-4.4.0-59-generic root=LABEL=cloudimg-rootfs ro console=tty1 console=ttyS0
[    0.000000] PID hash table entries: 4096 (order: 3, 32768 bytes)
[    0.000000] Memory: 1002056K/1048120K available (8436K kernel code, 1291K rwdata, 3960K rodata, 1488K init, 1316K bss, 46064K reserved, 0K cma-reserved)
[    0.000000] SLUB: HWalign=64, Order=0-3, MinObjects=0, CPUs=2, Nodes=1
[    0.000000] Hierarchical RCU implementation.
[    0.000000] 	Build-time adjustment of leaf fanout to 64.
[    0.000000] 	RCU restricting CPUs from NR_CPUS=512 to nr_cpu_ids=2.
[    0.000000] RCU: Adjusting geometry for rcu_fanout_leaf=64, nr_cpu_ids=2
[    0.000000] NR_IRQS:33024 nr_irqs:440 16
[    0.00000] Console: colour VGA+ 80x25
[    0.000000] console [tty1] enabled
[    0.000000] console [ttyS0] enabled
[    0.000000] tsc: Detected 2793.570 MHz processor
[   17.241592] Calibrating delay loop (skipped) preset value.. 5587.14 BogoMIPS (lpj=11174280)
[   17.516596] pid_max: default: 32768 minimum: 301
[   17.669505] ACPI: Core revision 20150930
[   17.794289] ACPI: 2 ACPI AML tables successfully acquired and loaded
[   17.996450] Security Framework initialized
[   18.110561] Yama: becoming mindful.
[   18.209581] AppArmor: AppArmor initialized
[   18.338183] Dentry cache hash table entries: 131072 (order: 8, 1048576 bytes)
[   18.570316] Inode-cache hash table entries: 65536 (order: 7, 524288 bytes)
[   18.791040] Mount-cache hash table entries: 2048 (order: 2, 16384 bytes)
[   19.006226] Mountpoint-cache hash table entries: 2048 (order: 2, 16384 bytes)
[   19.220896] Initializing cgroup subsys io
[   19.320739] Initializing cgroup subsys memory
[   19.409767] Initializing cgroup subsys devices
[   19.554221] Initializing cgroup subsys freezer
[   19.686787] Initializing cgroup subsys net_cls
[   19.835252] Initializing cgroup subsys perf_event
[   19.987810] Initializing cgroup subsys net_prio
[   20.129298] Initializing cgroup subsys hugetlb
[   20.272296] Initializing cgroup subsys pids
[   20.377900] CPU: Physical Processor ID: 0
[   20.496321] CPU: Processor Core ID: 0
[   20.576669] mce: CPU supports 0 MCE banks
[   20.671400] Last level iTLB entries: 4KB 1024, 2MB 1024, 4MB 1024
[   20.860905] Last level dTLB entries: 4KB 1024, 2MB 1024, 4MB 1024, 1GB 4
[   20.993537] Freeing SMP alternatives memory: 32K (ffffffff820b8000 - ffffffff820c0000)
[   21.239713] ftrace: allocating 32064 entries in 126 pages
[   21.438349] smpboot: APIC(0) Converting physical 0 to logical package 0
[   21.640552] smpboot: Max logical packages: 1
[   21.785071] x2apic enabled
[   21.867602] Switched APIC routing to physical x2apic.
[   22.024489] ..TIMER: vector=0x30 apic1=0 pin1=2 apic2=-1 pin2=-1
[   22.332317] smpboot: CPU0: Intel(R) Core(TM) i7-4810MQ CPU @ 2.80GHz (family: 0x6, model: 0x3c, stepping: 0x3)
[   22.617541] Performance Events: unsupported p6 CPU model 60 no PMU driver, software events only.
[   22.889780] KVM setup paravirtual spinlock
[   23.019686] x86: Booting SMP configuration:
[   23.152667] .... node  #0, CPUs:      #1
[   23.271584] kvm-clock: cpu 1, msr 0:3ffe3041, secondary cpu clock
[   23.464210] mce: CPU supports 0 MCE banks
[   23.467783] x86: Booted up 1 node, 2 CPUs
[   23.596331] smpboot: Total of 2 processors activated (11174.28 BogoMIPS)
[   23.818108] devtmpfs: initialized
[   23.924825] evm: security.selinux
[   24.024701] evm: security.SMACK64
[   24.116757] evm: security.SMACK64EXEC
[   24.226709] evm: security.SMACK64TRANSMUTE
[   24.242482] evm: security.SMACK64MMAP
[   24.313726] evm: security.ima
[   24.321332] evm: security.capability
[   24.378394] clocksource: jiffies: mask: 0xffffffff max_cycles: 0xffffffff, max_idle_ns: 7645041785100000 ns
[   24.647686] pinctrl core: initialized pinctrl subsystem
[   24.817487] RTC time: 11:25:27, date: 01/20/17
[   24.932029] NET: Registered protocol family 16
[   25.077127] cpuidle: using governor ladder
[   25.221121] cpuidle: using governor menu
[   25.348893] PCCT header not found.
[   25.452952] ACPI: bus type PCI registered
[   25.574399] acpiphp: ACPI Hot Plug PCI Controller Driver version: 0.5
[   25.694553] PCI: Using configuration type 1 for base access
[   25.841543] ACPI: Added _OSI(Module Device)
[   25.968951] ACPI: Added _OSI(Processor Device)
[   26.114508] ACPI: Added _OSI(3.0 _SCP Extensions)
[   26.266988] ACPI: Added _OSI(Processor Aggregator Device)
[   26.349061] ACPI: Executed 1 blocks of module-level executable AML code
[   26.559498] ACPI: Interpreter enabled
[   26.629053] ACPI: (supports S0 S5)
[   26.705995] ACPI: Using IOAPIC for interrupt routing
[   26.838192] PCI: Using host bridge windows from ACPI; if necessary, use "pci=nocrs" and report a bug
[   27.135928] ACPI: PCI Root Bridge [PCI0] (domain 0000 [bus 00-ff])
[   27.340174] acpi PNP0A03:00: _OSC: OS supports [ASPM ClockPM Segments MSI]
[   27.567165] acpi PNP0A03:00: _OSC failed (AE_NOT_FOUND); disabling ASPM
[   27.711753] acpi PNP0A03:00: fail to add MMCONFIG information, can't access extended PCI configuration space under this bridge.
[   28.084787] PCI host bridge to bus 0000:00
[   28.211727] pci_bus 0000:00: root bus resource [io  0x0000-0x0cf7 window]
[   28.429372] pci_bus 0000:00: root bus resource [io  0x0d00-0xffff window]
[   28.572787] pci_bus 0000:00: root bus resource [mem 0x000a0000-0x000bffff window]
[   28.798492] pci_bus 0000:00: root bus resource [mem 0x40000000-0xffdfffff window]
[   29.049558] pci_bus 0000:00: root bus resource [bus 00-ff]
[   29.230177] pci 0000:00:01.1: legacy IDE quirk: reg 0x10: [io  0x01f0-0x01f7]
[   29.326581] pci 0000:00:01.1: legacy IDE quirk: reg 0x14: [io  0x03f6]
[   29.520394] pci 0000:00:01.1: legacy IDE quirk: reg 0x18: [io  0x0170-0x0177]
[   29.742581] pci 0000:00:01.1: legacy IDE quirk: reg 0x1c: [io  0x0376]
[   29.927826] pci 0000:00:07.0: quirk: [io  0x4000-0x403f] claimed by PIIX4 ACPI
[   30.120153] pci 0000:00:07.0: quirk: [io  0x4100-0x410f] claimed by PIIX4 SMB
[   30.336689] ACPI: PCI Interrupt Link [LNKA] (IRQs 5 9 10 *11)
[   30.485112] ACPI: PCI Interrupt Link [LNKB] (IRQs 5 9 10 *11)
[   30.659341] ACPI: PCI Interrupt Link [LNKC] (IRQs 5 9 *10 11)
[   30.785068] ACPI: PCI Interrupt Link [LNKD] (IRQs 5 *9 10 11)
[   30.870328] ACPI: Enabled 2 GPEs in block 00 to 07
[   30.998589] vgaarb: setting as boot device: PCI:0000:00:02.0
[   31.173041] vgaarb: device added: PCI:0000:00:02.0,decodes=io+mem,owns=io+mem,locks=none
[   31.339287] vgaarb: loaded
[   31.427518] vgaarb: bridge control possible 0000:00:02.0
[   31.602288] SCSI subsystem initialized
[   31.719662] ACPI: bus type USB registered
[   31.848630] usbcore: registered new interface driver usbfs
[   32.017169] usbcore: registered new interface driver hub
[   32.185207] usbcore: registered new device driver usb
[   32.348492] PCI: Using ACPI for IRQ routing
[   32.486403] NetLabel: Initializing
[   32.575705] NetLabel:  domain hash size = 128
[   32.625025] NetLabel:  protocols = UNLABELED CIPSOv4
[   32.690232] NetLabel:  unlabeled traffic allowed by default
[   32.756869] amd_nb: Cannot enumerate AMD northbridges
[   32.870368] clocksource: Switched to clocksource kvm-clock
[   32.895478] AppArmor: AppArmor Filesystem Enabled
[   33.020842] pnp: PnP ACPI init
[   33.126328] pnp: PnP ACPI: found 3 devices
[   33.275258] clocksource: acpi_pm: mask: 0xffffff max_cycles: 0xffffff, max_idle_ns: 2085701024 ns
[   33.579136] NET: Registered protocol family 2
[   33.724945] TCP established hash table entries: 8192 (order: 4, 65536 bytes)
[   33.952467] TCP bind hash table entries: 8192 (order: 5, 131072 bytes)
[   34.154936] TCP: Hash tables configured (established 8192 bind 8192)
[   34.374477] UDP hash table entries: 512 (order: 2, 16384 bytes)
[   34.574515] UDP-Lite hash table entries: 512 (order: 2, 16384 bytes)
[   34.799054] NET: Registered protocol family 1
[   34.945990] pci 0000:00:00.0: Limiting direct PCI/PCI transfers
[   35.125553] pci 0000:00:01.0: Activating ISA DMA hang workarounds
[   35.338935] Trying to unpack rootfs image as initramfs...
[   37.038673] Freeing initrd memory: 10524K (ffff880036b62000 - ffff8800375a9000)
[   37.268022] RAPL PMU detected, API unit is 2^-32 Joules, 4 fixed counters 10737418240 ms ovfl timer
[   37.585037] hw unit of domain pp0-core 2^-0 Joules
[   37.747143] hw unit of domain package 2^-0 Joules
[   37.867367] hw unit of domain dram 2^-0 Joules
[   37.875186] hw unit of domain pp1-gpu 2^-0 Joules
[   37.885920] platform rtc_cmos: registered platform RTC device (no PNP device found)
[   37.893104] Scanning for low memory corruption every 60 seconds
[   37.897087] futex hash table entries: 512 (order: 3, 32768 bytes)
[   38.053408] audit: initializing netlink subsys (disabled)
[   38.226381] audit: type=2000 audit(1484911513.362:1): initialized
[   38.436150] Initialise system trusted keyring
[   38.586074] HugeTLB registered 2 MB page size, pre-allocated 0 pages
[   38.814053] zbud: loaded
[   38.896390] tsc: Refined TSC clocksource calibration: 2794.605 MHz
[   38.896631] VFS: Disk quotas dquot_6.6.0
[   38.896656] VFS: Dquot-cache hash table entries: 512 (order 0, 4096 bytes)
[   38.896836] squashfs: version 4.0 (2009/01/31) Phillip Lougher
[   39.110892] fuse init (API version 7.23)
[   39.111014] Key type big_key registered
[   39.111031] Allocating IMA MOK and blacklist keyrings.
[   39.111195] Key type asymmetric registered
[   39.111197] Asymmetric key parser 'x509' registered
[   39.111224] Block layer SCSI generic (bsg) driver version 0.4 loaded (major 249)
[   39.111246] io scheduler noop registered
[   39.111248] io scheduler deadline registered (default)
[   39.111270] io scheduler cfq registered
[   39.111339] pci_hotplug: PCI Hot Plug PCI Core version: 0.5
[   39.111342] pciehp: PCI Express Hot Plug Controller Driver version: 0.4
[   39.111443] ACPI: AC Adapter [AC] (on-line)
[   39.111480] input: Power Button as /devices/LNXSYSTM:00/LNXPWRBN:00/input/input0
[   39.111482] ACPI: Power Button [PWRF]
[   39.111536] input: Sleep Button as /devices/LNXSYSTM:00/LNXSLPBN:00/input/input1
[   39.111537] ACPI: Sleep Button [SLPF]
[   39.111640] GHES: HEST is not enabled!
[   39.111701] Serial: 8250/16550 driver, 32 ports, IRQ sharing enabled
[   39.258380] 00:02: ttyS0 at I/O 0x3f8 (irq = 4, base_baud = 115200) is a 16550A
[   39.484590] Linux agpgart interface v0.103
[   39.556268] brd: module loaded
[   39.556832] loop: module loaded
[   39.557204] scsi host0: ata_piix
[   39.557243] scsi host1: ata_piix
[   39.557264] ata1: PATA max UDMA/33 cmd 0x1f0 ctl 0x3f6 bmdma 0xd000 irq 14
[   39.557265] ata2: PATA max UDMA/33 cmd 0x170 ctl 0x376 bmdma 0xd008 irq 15
[   39.557316] libphy: Fixed MDIO Bus: probed
[   39.557318] tun: Universal TUN/TAP device driver, 1.6
[   39.557318] tun: (C) 1999-2004 Max Krasnyansky <maxk@qualcomm.com>
[   39.557340] PPP generic driver version 2.4.2
[   39.557375] ehci_hcd: USB 2.0 'Enhanced' Host Controller (EHCI) Driver
[   39.557379] ehci-pci: EHCI PCI platform driver
[   39.557385] ehci-platform: EHCI generic platform driver
[   39.557391] ohci_hcd: USB 1.1 'Open' Host Controller (OHCI) Driver
[   39.557393] ohci-pci: OHCI PCI platform driver
[   39.557399] ohci-platform: OHCI generic platform driver
[   39.557404] uhci_hcd: USB Universal Host Controller Interface driver
[   39.557441] i8042: PNP: PS/2 Controller [PNP0303:PS2K,PNP0f03:PS2M] at 0x60,0x64 irq 1,12
[   39.557818] serio: i8042 KBD port at 0x60,0x64 irq 1
[   39.557820] serio: i8042 AUX port at 0x60,0x64 irq 12
[   39.557889] mousedev: PS/2 mouse device common for all mice
[   39.558127] input: AT Translated Set 2 keyboard as /devices/platform/i8042/serio0/input/input2
[   39.558383] rtc_cmos rtc_cmos: rtc core: registered rtc_cmos as rtc0
[   39.558441] rtc_cmos rtc_cmos: alarms up to one day, 114 bytes nvram
[   39.558445] i2c /dev entries driver
[   39.558480] device-mapper: uevent: version 1.0.3
[   39.558521] device-mapper: ioctl: 4.34.0-ioctl (2015-10-28) initialised: dm-devel@redhat.com
[   39.558530] ledtrig-cpu: registered to indicate activity on CPUs
[   39.558728] NET: Registered protocol family 10
[   39.558827] NET: Registered protocol family 17
[   39.558834] Key type dns_resolver registered
[   39.558926] microcode: CPU0 sig=0x306c3, pf=0x40, revision=0x0
[   39.568556] microcode: CPU1 sig=0x306c3, pf=0x40, revision=0x0
[   39.568578] microcode: Microcode Update Driver: v2.01 <tigran@aivazian.fsnet.co.uk>, Peter Oruba
[   39.568671] registered taskstats version 1
[   39.568684] Loading compiled-in X.509 certificates
[   39.569203] Loaded X.509 cert 'Build time autogenerated kernel key: 6ffa6bfaa152a74cd2b6aa1e188cb999d8f5632b'
[   39.569214] zswap: loaded using pool lzo/zbud
[   39.569703] ACPI: Battery Slot [BAT0] (battery present)
[   39.571114] Key type trusted registered
[   39.572609] Key type encrypted registered
[   39.572612] AppArmor: AppArmor sha1 policy hashing enabled
[   39.572614] ima: No TPM chip found, activating TPM-bypass!
[   39.572626] evm: HMAC attrs: 0x1
[   39.572811]   Magic number: 1:13:429
[   39.576062] rtc_cmos rtc_cmos: setting system clock to 2017-01-20 11:25:42 UTC (1484911542)
[   39.576116] BIOS EDD facility v0.16 2004-Jun-25, 0 devices found
[   39.576116] EDD information not available.
[   40.440197] clocksource: tsc: mask: 0xffffffffffffffff max_cycles: 0x2848585150e, max_idle_ns: 440795246720 ns
[   40.442492] Freeing unused kernel memory: 1488K (ffffffff81f44000 - ffffffff820b8000)
[   40.648023] Write protecting the kernel read-only data: 14336k
[   40.651659] Freeing unused kernel memory: 1792K (ffff880001840000 - ffff880001a00000)
[   40.739600] Freeing unused kernel memory: 136K (ffff880001dde000 - ffff880001e00000)
Loading, please [   40.934530] random: systemd-udevd: uninitialized urandom read (16 bytes read, 4 bits of entropy available)
wait...
startin[   40.934981] random: udevadm: uninitialized urandom read (16 bytes read, 4 bits of entropy available)
g version 229
[   40.935009] random: udevadm: uninitialized urandom read (16 bytes read, 4 bits of entropy available)
[   40.935093] random: udevadm: uninitialized urandom read (16 bytes read, 4 bits of entropy available)
[   40.935132] random: udevadm: uninitialized urandom read (16 bytes read, 4 bits of entropy available)
[   40.935162] random: udevadm: uninitialized urandom read (16 bytes read, 4 bits of entropy available)
[   40.935191] random: udevadm: uninitialized urandom read (16 bytes read, 4 bits of entropy available)
[   40.935219] random: udevadm: uninitialized urandom read (16 bytes read, 4 bits of entropy available)
[   40.935247] random: udevadm: uninitialized urandom read (16 bytes read, 4 bits of entropy available)
[   40.935274] random: udevadm: uninitialized urandom read (16 bytes read, 4 bits of entropy available)
[   43.185364] e1000: Intel(R) PRO/1000 Network Driver - version 7.3.21-k8-NAPI
[   43.349514] e1000: Copyright (c) 1999-2006 Intel Corporation.
[   43.483195] Fusion MPT base driver 3.04.20
[   43.494196] Copyright (c) 1999-2008 LSI Corporation
[   43.539070] Fusion MPT SPI Host driver 3.04.20
[   43.697751] AVX version of gcm_enc/dec engaged.
[   43.834378] AES CTR mode by8 optimization enabled
[   44.039839] input: ImExPS/2 Generic Explorer Mouse as /devices/platform/i8042/serio1/input/input4
[   44.110090] e1000 0000:00:03.0 eth0: (PCI:33MHz:32-bit) 02:ae:6d:d4:e4:a7
[   44.110094] e1000 0000:00:03.0 eth0: Intel(R) PRO/1000 Network Connection
[   44.530667] e1000 0000:00:03.0 enp0s3: renamed from eth0
[   44.531435] mptbase: ioc0: Initiating bringup
[   44.594515] ioc0: LSI53C1030 A0: Capabilities={Initiator}
[   44.831348] scsi host2: ioc0: LSI53C1030 A0, FwRev=00000000h, Ports=1, MaxQ=256, IRQ=20
[   45.074879] scsi 2:0:0:0: Direct-Access     VBOX     HARDDISK         1.0  PQ: 0 ANSI: 5
[   45.315083] scsi target2:0:0: Beginning Domain Validation
[   45.334448] scsi target2:0:0: Domain Validation skipping write tests
[   45.336597] scsi target2:0:0: Ending Domain Validation
[   45.343378] scsi target2:0:0: asynchronous
[   45.345749] scsi 2:0:1:0: Direct-Access     VBOX     HARDDISK         1.0  PQ: 0 ANSI: 5
[   45.349204] scsi target2:0:1: Beginning Domain Validation
[   45.351121] scsi target2:0:1: Domain Validation skipping write tests
[   45.355060] scsi target2:0:1: Ending Domain Validation
[   45.355832] scsi target2:0:1: asynchronous
[   45.360967] sd 2:0:0:0: Attached scsi generic sg0 type 0
[   45.360988] sd 2:0:0:0: [sda] 20971520 512-byte logical blocks: (10.7 GB/10.0 GiB)
[   45.361098] sd 2:0:0:0: [sda] Write Protect is off
[   45.361145] sd 2:0:0:0: [sda] Incomplete mode parameter data
[   45.361146] sd 2:0:0:0: [sda] Assuming drive cache: write through
[   45.367129] sd 2:0:1:0: Attached scsi generic sg1 type 0
[   45.367151] sd 2:0:1:0: [sdb] 20480 512-byte logical blocks: (10.5 MB/10.0 MiB)
[   45.367259] sd 2:0:1:0: [sdb] Write Protect is off
[   45.367305] sd 2:0:1:0: [sdb] Incomplete mode parameter data
[   45.367305] sd 2:0:1:0: [sdb] Assuming drive cache: write through
[   45.367572]  sda: sda1
[   45.368026] sd 2:0:0:0: [sda] Attached SCSI disk
[   45.368936] sd 2:0:1:0: [sdb] Attached SCSI disk
[   46.542661] floppy0: no floppy controllers found
[   46.697360] work still pending
Begin: Loading e[   48.058123] md: linear personality registered for level -1
ssential drivers[   48.203473] md: multipath personality registered for level -4
 ... [   48.266884] md: raid0 personality registered for level 0
[   48.424882] md: raid1 personality registered for level 1
[   48.654715] raid6: sse2x1   gen() 11070 MB/s
[   48.854744] raid6: sse2x1   xor()  8567 MB/s
[   48.998778] raid6: sse2x2   gen() 14219 MB/s
[   49.202377] raid6: sse2x2   xor()  9336 MB/s
[   49.370552] raid6: sse2x4   gen() 15537 MB/s
[   49.514381] raid6: sse2x4   xor() 10648 MB/s
[   49.650151] raid6: using algorithm sse2x4 gen() 15537 MB/s
[   49.743756] raid6: .... xor() 10648 MB/s, rmw enabled
[   49.786026] raid6: using ssse3x2 recovery algorithm
[   49.932838] xor: automatically using best checksumming function:
[   50.182396]    avx       : 24910.000 MB/sec
[   50.332252] async_tx: api initialized (async)
[   50.466542] md: raid6 personality registered for level 6
[   50.617807] md: raid5 personality registered for level 5
[   50.776274] md: raid4 personality registered for level 4
[   50.902446] md: raid10 personality registered for level 10
done.
Begin: Running /[   51.105986] Btrfs loaded
scripts/init-premount ... done.
Begin: Mounting[   51.230955] EXT4-fs (sda1): INFO: recovery required on readonly filesystem
 root file syste[   51.240105] EXT4-fs (sda1): write access will be enabled during recovery
m ... Begin: Run[   51.264942] EXT4-fs (sda1): orphan cleanup on readonly fs
ning /scripts/lo[   51.361921] EXT4-fs (sda1): 6 orphan inodes deleted
cal-top ... done[   51.449124] EXT4-fs (sda1): recovery complete
.
Begin: Running /scripts/local[   51.460596] EXT4-fs (sda1): mounted filesystem with ordered data mode. Opts: (null)
-premount ... Scanning for Btrfs filesystems
done.
Warning: fsck not present, so skipping root file system
done.
Begin: Running /scripts/local-bottom ... done.
Begin: Running /scripts/init-bottom ... done.
[   51.645545] systemd[1]: systemd 229 running in system mode. (+PAM +AUDIT +SELINUX +IMA +APPARMOR +SMACK +SYSVINIT +UTMP +LIBCRYPTSETUP +GCRYPT +GNUTLS +ACL +XZ -LZ4 +SECCOMP +BLKID +ELFUTILS +KMOD -IDN)
[   52.230619] systemd[1]: Detected virtualization oracle.
[   52.404523] systemd[1]: Detected architecture x86-64.

Welcome to [1mUbuntu 16.04.1 LTS[0m!

[   52.635685] systemd[1]: Set hostname to <ubuntu-xenial>.
[   52.914811] systemd[1]: Set up automount Arbitrary Executable File Formats File System Automount Point.
[[0;32m  OK  [0m] Set up automount Arbitrary Executab...ats File System Automount Point.
[   53.315099] systemd[1]: Listening on Journal Socket.
[[0;32m  OK  [0m] Listening on Journal Socket.
[   53.539645] systemd[1]: Reached target Encrypted Volumes.
[[0;32m  OK  [0m] Reached target Encrypted Volumes.
[   53.790953] systemd[1]: Reached target Swap.
[[0;32m  OK  [0m] Reached target Swap.
[   53.983040] systemd[1]: Listening on udev Kernel Socket.
[[0;32m  OK  [0m] Listening on udev Kernel Socket.
[   54.183394] systemd[1]: Created slice System Slice.
[[0;32m  OK  [0m] Created slice System Slice.
[   54.414513] systemd[1]: Starting Uncomplicated firewall...
         Starting Uncomplicated firewall...
[   54.654571] systemd[1]: Mounting POSIX Message Queue File System...
[   54.859809] random: nonblocking pool is initialized
         Mounting POSIX Message Queue File System...
[   54.962536] systemd[1]: Starting Load Kernel Modules...
         [   55.106786] Loading iSCSI transport class v2.0-870.
Starting Load Ke[   55.157550] iscsi: registered transport (tcp)
rnel Modules...
[   55.207092] iscsi: registered transport (iser)
[   55.210524] systemd[1]: Starting Set console keymap...
         Starting Set console keymap...
[   55.558676] systemd[1]: Starting Create list of required static device nodes for the current kernel...
         Starting Create list of required st... nodes for the current kernel...
[   55.974654] systemd[1]: Mounting Debug File System...
         Mounting Debug File System...
[   56.162791] systemd[1]: Starting Nameserver information manager...
         Starting Nameserver information manager...
[   56.278972] systemd[1]: Created slice system-serial\x2dgetty.slice.
[[0;32m  OK  [0m] Created slice system-serial\x2dgetty.slice.
[   56.562943] systemd[1]: Listening on Syslog Socket.
[[0;32m  OK  [0m] Listening on Syslog Socket.
[   56.790777] systemd[1]: Starting Remount Root and Kernel File Systems...
         [   56.990064] EXT4-fs (sda1): re-mounted. Opts: (null)
Starting Remount Root and Kernel File Systems...
[   57.028380] systemd[1]: Listening on LVM2 poll daemon socket.
[[0;32m  OK  [0m] Listening on LVM2 poll daemon socket.
[   57.143059] systemd[1]: Created slice User and Session Slice.
[[0;32m  OK  [0m] Created slice User and Session Slice.
[   57.338824] systemd[1]: Reached target Slices.
[[0;32m  OK  [0m] Reached target Slices.
[   57.470935] systemd[1]: Started Forward Password Requests to Wall Directory Watch.
[[0;32m  OK  [0m] Started Forward Password Requests to Wall Directory Watch.
[   57.686476] systemd[1]: Mounting Huge Pages File System...
         Mounting Huge Pages File System...
[   57.899954] systemd[1]: Listening on Device-mapper event daemon FIFOs.
[[0;32m  OK  [0m] Listening on Device-mapper event daemon FIFOs.
[   58.150551] systemd[1]: Listening on Journal Socket (/dev/log).
[[0;32m  OK  [0m] Listening on Journal Socket (/dev/log).
[   58.335061] systemd[1]: Listening on /dev/initctl Compatibility Named Pipe.
[[0;32m  OK  [0m] Listening on /dev/initctl Compatibility Named Pipe.
[   58.623019] systemd[1]: Listening on LVM2 metadata daemon socket.
[[0;32m  OK  [0m] Listening on LVM2 metadata daemon socket.
[   58.910627] systemd[1]: Starting Monitoring of LVM2 mirrors, snapshots etc. using dmeventd or progress polling...
         Starting Monitoring of LVM2 mirrors... dmeventd or progress polling...
[   59.306761] systemd[1]: Listening on Journal Audit Socket.
[[0;32m  OK  [0m] Listening on Journal Audit Socket.
[   59.578645] systemd[1]: Starting Journal Service...
         Starting Journal Service...
[   59.747111] systemd[1]: Listening on udev Control Socket.
[[0;32m  OK  [0m] Listening on udev Control Socket.
[   59.994817] systemd[1]: Reached target User and Group Name Lookups.
[[0;32m  OK  [0m] Reached target User and Group Name Lookups.
[   60.294203] systemd[1]: Mounted POSIX Message Queue File System.
[[0;32m  OK  [0m] Mounted POSIX Message Queue File System.
[   60.482889] systemd[1]: Mounted Debug File System.
[[0;32m  OK  [0m] Mounted Debug File System.
[   60.698897] systemd[1]: Mounted Huge Pages File System.
[[0;32m  OK  [0m] Mounted Huge Pages File System.
[   60.935011] systemd[1]: Started Journal Service.
[[0;32m  OK  [0m] Started Journal Service.
[[0;32m  OK  [0m] Started Uncomplicated firewall.
[[0;32m  OK  [0m] Started Load Kernel Modules.
[[0;32m  OK  [0m] Started Set console keymap.
[[0;32m  OK  [0m] Started Create list of required sta...ce nodes for the current kernel.
[[0;32m  OK  [0m] Started Remount Root and Kernel File Systems.
[[0;32m  OK  [0m] Started Nameserver information manager.
[[0;32m  OK  [0m] Started LVM2 metadata daemon.
         Starting udev Coldplug all Devices...
         Starting Initial cloud-init job (pre-networking)...
         Starting Load/Save Random Seed...
         Starting Create Static Device Nodes in /dev...
         Mounting FUSE Control File System...
         Starting Apply Kernel Variables...
         Starting Flush Journal to Persistent Storage...
[[0;32m  OK  [0m] Mounted FUSE Control File System.
[[0;32m  OK  [0m] Started Monitoring of LVM2 mirrors,...ng dmeventd or progress polling.
[[0;32m  OK  [0m] Started Load/Save Random Seed.
[[0;32m  OK  [0m] Started Create Static Device Nodes in /dev.
[[0;32m  OK  [0m] Started Apply Kernel Variables.
[[0;32m  OK  [0m] Started udev Coldplug all Devices.
[   30.449533] cloud-init[470]: Cloud-init v. 0.7.8 running 'init-local' at Fri, 20 Jan 2017 11:26:05 +0000. Up 30.22 seconds.
         Starting udev Kernel Device Manager...
[[0;32m  OK  [0m] Started udev Kernel Device Manager.
[[0;32m  OK  [0m] Started Flush Journal to Persistent Storage.
[[0;32m  OK  [0m] Started Initial cloud-init job (pre-networking).
[[0;32m  OK  [0m] Found device /dev/ttyS0.
[[0;32m  OK  [0m] Listening on Load/Save RF Kill Switch Status /dev/rfkill Watch.
[[0;32m  OK  [0m] Reached target Network (Pre).
[[0;32m  OK  [0m] Reached target Local File Systems (Pre).
[[0;32m  OK  [0m] Reached target Local File Systems.
         Starting LSB: AppArmor initialization...
         Starting Create Volatile Files and Directories...
         Starting Set console font and keymap...
         Starting Tell Plymouth To Write Out Runtime Data...
[[0;32m  OK  [0m] Started Dispatch Password Requests to Console Directory Watch.
[[0;32m  OK  [0m] Started Create Volatile Files and Directories.
[[0;32m  OK  [0m] Started Set console font and keymap.
[[0;32m  OK  [0m] Started Tell Plymouth To Write Out Runtime Data.
[[0;32m  OK  [0m] Found device 82540EM Gigabit Ethern...r (PRO/1000 MT Desktop Adapter).
[[0;32m  OK  [0m] Created slice system-getty.slice.
[[0;32m  OK  [0m] Reached target System Time Synchronized.
         Starting Update UTMP about System Boot/Shutdown...
[[0;32m  OK  [0m] Started LSB: AppArmor initialization.
[[0;32m  OK  [0m] Started ifup for enp0s3.
         Starting Raise network interfaces...
[[0;32m  OK  [0m] Started Update UTMP about System Boot/Shutdown.
[[0;32m  OK  [0m] Started Raise network interfaces.
[[0;32m  OK  [0m] Reached target Network.
         Starting Initial cloud-init job (metadata service crawler)...
[   34.172458] cloud-init[1073]: Cloud-init v. 0.7.8 running 'init' at Fri, 20 Jan 2017 11:26:08 +0000. Up 33.99 seconds.
[   34.300693] cloud-init[1073]: ci-info: +++++++++++++++++++++++++++++++++++++Net device info++++++++++++++++++++++++++++++++++++++
[   34.452638] cloud-init[1073]: ci-info: +--------+------+----------------------------+---------------+-------+-------------------+
[   34.556594] cloud-init[1073]: ci-info: | Device |  Up  |          Address           |      Mask     | Scope |     Hw-Address    |
[   34.700638] cloud-init[1073]: ci-info: +--------+------+----------------------------+---------------+-------+-------------------+
[[0;32m  OK  [0m] Started Initial cloud-init job (metadata service crawler).
[[0;32m  OK  [0m] Reached target Network is Online.
[   34.847438] cloud-init[1073]: ci-info: | enp0s3 | True |         10.0.2.15          | 255.255.255.0 |   .   | 02:ae:6d:d4:e4:a7 |
[   35.156695]          cloud-initStarting iSCSI initiator daemon (iscsid)...[1073]: 
ci-info: | enp0s3 | True | fe80::ae:6dff:fed4:e4a7/64 |       .       |  link | 02:ae:6d:d4:e4:a7 |
[   35.372739] [cloud-init[0;32m  OK  [0m[1073]: ] ci-info: |   lo   | True |         127.0.0.1          |   255.0.0.0   |   .   |         .         |Reached target Cloud-config availability.

[[0;32m  OK  [0m] Reached target System Initialization.
[[0;32m  OK  [0m] Listening on UUID daemon activation socket.
[   35.373060] cloud-init[1073]: ci-info: |   lo   | True |          ::1/128           |       .       |  host |         .         |
[   35.884768] [cloud-init[0;32m  OK  [0m[1073]: ] ci-info: +--------+------+----------------------------+---------------+-------+-------------------+Listening on ACPID Listen Socket.

[[0;32m  OK  [0m] Started Trigger resolvconf update for networkd DNS.
[   35.885096] cloud-init[1073]: ci-info: +++++++++++++++++++++++++++Route IPv4 info++++++++++++++++++++++++++++
[   36.308277] [cloud-init[0;32m  OK  [0m[1073]: ] ci-info: +-------+-------------+----------+---------------+-----------+-------+Started Daily apt activities.

[   36.308597] cloud-init[1073]: ci-info: | Route | Destination | Gateway  |    Genmask    | Interface | Flags |
[   36.616343]          cloud-initStarting LXD - unix socket.[1073]: 
ci-info: +-------+-------------+----------+---------------+-----------+-------+
[   36.792411] [cloud-init[0;32m  OK  [0m[1073]: ] ci-info: |   0   |   0.0.0.0   | 10.0.2.2 |    0.0.0.0    |   enp0s3  |   UG  |Started ACPI Events Check.

[[0;32m  OK  [0m] Reached target Paths.
[[0;32m  OK  [0m] Listening on D-Bus System Message Bus Socket.
[   36.792724] cloud-init[1073]: ci-info: |   1   |   10.0.2.0  | 0.0.0.0  | 255.255.255.0 |   enp0s3  |   U   |
[   37.240519] [cloud-init[0;32m  OK  [0m[1073]: ] ci-info: +-------+-------------+----------+---------------+-----------+-------+Started Timer to automatically refresh installed snaps.

         Starting Socket activation for snappy daemon.
[[0;32m  OK  [0m] Started Daily Cleanup of Temporary Directories.
[[0;32m  OK  [0m] Reached target Timers.
[[0;32m  OK  [0m] Listening on LXD - unix socket.
[[0;32m  OK  [0m] Listening on Socket activation for snappy daemon.
[[0;32m  OK  [0m] Started iSCSI initiator daemon (iscsid).
         Starting Login to default iSCSI targets...
[[0;32m  OK  [0m] Reached target Sockets.
[[0;32m  OK  [0m] Reached target Basic System.
         Starting The PHP 7.0 FastCGI Process Manager...
         Starting Accounts Service...
[[0;32m  OK  [0m] Started D-Bus System Message Bus.
         Starting /etc/rc.local Compatibility...
[[0;32m  OK  [0m] Started Deferred execution scheduler.
         Starting Login Service...
         Starting System Logging Service...
         Starting Apply the settings specified in cloud-config...
[[0;32m  OK  [0m] Started ACPI event daemon.
         Starting A high performance web server and a reverse proxy server...
[[0;32m  OK  [0m] Started Regular background program processing daemon.
[   38.837979] cloud-init[1157]: Cloud-init v. 0.7.8 running 'modules:config' at Fri, 20 Jan 2017 11:26:13 +0000. Up 38.77 seconds.
[[0;32m  OK  [0m] Started FUSE filesystem for LXC.
         Starting OpenBSD Secure Shell server...
         Starting LXD - container startup/shutdown...
         Starting LSB: MD monitoring daemon...
         Starting LSB: Record successful boot for GRUB...
[[0;32m  OK  [0m] Started Snappy daemon.
         Starting Auto import assertions from block devices...
         Starting MySQL Community Server...
[[0;32m  OK  [0m] Started System Logging Service.
[[0;32m  OK  [0m] Started OpenBSD Secure Shell server.
[[0;32m  OK  [0m] Started /etc/rc.local Compatibility.
[[0;32m  OK  [0m] Started Apply the settings specified in cloud-config.
[[0;32m  OK  [0m] Started LXD - container startup/shutdown.
[[0;32m  OK  [0m] Started Auto import assertions from block devices.
[[0;32m  OK  [0m] Started A high performance web server and a reverse proxy server.
[[0;32m  OK  [0m] Started The PHP 7.0 FastCGI Process Manager.
[[0;32m  OK  [0m] Started Login to default iSCSI targets.
         Starting Authenticate and Authorize Users to Run Privileged Tasks...
[[0;32m  OK  [0m] Reached target Remote File Systems (Pre).
[[0;32m  OK  [0m] Reached target Remote File Systems.
         Starting LSB: Set the CPU Frequency Scaling governor to "ondemand"...
         Starting LSB: VirtualBox Linux Additions...
         Starting LSB: automatic crash report generation...
         Starting Permit User Sessions...
         Starting LSB: daemon to balance interrupts for SMP systems...
[[0;32m  OK  [0m] Started LSB: MD monitoring daemon.
[[0;32m  OK  [0m] Started LSB: Record successful boot for GRUB.
[[0;32m  OK  [0m] Started MySQL Community Server.
[[0;32m  OK  [0m] Started Permit User Sessions.
[[0;32m  OK  [0m] Started Login Service.
[[0;32m  OK  [0m] Started Authenticate and Authorize Users to Run Privileged Tasks.
[[0;32m  OK  [0m] Started Accounts Service.
[[0;32m  OK  [0m] Started LSB: Set the CPU Frequency Scaling governor to "ondemand".
[[0;32m  OK  [0m] Started LSB: VirtualBox Linux Additions.
         Starting Hold until boot process finishes up...
         Starting Terminate Plymouth Boot Screen...
[[0;32m  OK  [0m] Started LSB: automatic crash report generation.
[[0;32m  OK  [0m] Started LSB: daemon to balance interrupts for SMP systems.
[[0;32m  OK  [0m] Started Hold until boot process finishes up.
[[0;32m  OK  [0m] Started Terminate Plymouth Boot Screen.
         Starting Set console scheme...
[[0;32m  OK  [0m] Started Getty on tty1.
[[0;32m  OK  [0m] Started Serial Getty on ttyS0.
[[0;32m  OK  [0m] Reached target Login Prompts.
[[0;32m  OK  [0m] Reached target Multi-User System.
[[0;32m  OK  [0m] Reached target Graphical Interface.
         Starting Update UTMP about System Runlevel Changes...
         Starting Execute cloud user/final scripts...
[[0;32m  OK  [0m] Started Set console scheme.
[[0;32m  OK  [0m] Started Update UTMP about System Runlevel Changes.
[   43.033922] cloud-init[1366]: Cloud-init v. 0.7.8 running 'modules:final' at Fri, 20 Jan 2017 11:26:17 +0000. Up 42.95 seconds.
[   43.180261] cloud-init[1366]: Cloud-init v. 0.7.8 finished at Fri, 20 Jan 2017 11:26:18 +0000. Datasource DataSourceNoCloud [seed=/dev/sdb][dsmode=net].  Up 43.02 seconds
[[0;32m  OK  [0m] Started Execute cloud user/final scripts.
[[0;32m  OK  [0m] Reached target Cloud-init target.

Ubuntu 16.04.1 LTS ubuntu-xenial ttyS0

ubuntu-xenial login: 